<?xml version="1.0" encoding="UTF-8"?>
<testsuite xmlns:xsi="http://www.w3.org/2001/XMLSchema-instance" xsi:noNamespaceSchemaLocation="https://maven.apache.org/surefire/maven-surefire-plugin/xsd/surefire-test-report-3.0.xsd" version="3.0" name="com.example.earthquakes.service.EarthquakesJpaServiceTest" time="1.89" tests="9" errors="0" skipped="0" failures="0">
  <properties>
[...]
</properties>
  <testcase name="getById_WhenNotExists_ShouldThrowException" classname="com.example.earthquakes.service.EarthquakesJpaServiceTest" time="1.747">
    <system-err><![CDATA[WARNING: A Java agent has been loaded dynamically (/Users/Andrei/.m2/repository/net/bytebuddy/byte-buddy-agent/1.14.18/byte-buddy-agent-1.14.18.jar)
WARNING: If a serviceability tool is in use, please run with -XX:+EnableDynamicAgentLoading to hide this warning
WARNING: If a serviceability tool is not in use, please run with -Djdk.instrument.traceUsage for more information
WARNING: Dynamic loading of agents will be disallowed by default in a future release
]]></system-err>
  </testcase>
  <testcase name="create_WhenExistingId_ShouldThrowException" classname="com.example.earthquakes.service.EarthquakesJpaServiceTest" time="0.009"/>
  <testcase name="delete_WhenExists_ShouldDelete" classname="com.example.earthquakes.service.EarthquakesJpaServiceTest" time="0.009"/>
  <testcase name="create_WhenNewId_ShouldSaveAndReturn" classname="com.example.earthquakes.service.EarthquakesJpaServiceTest" time="0.013"/>
  <testcase name="getAll_ShouldReturnAllEarthquakes" classname="com.example.earthquakes.service.EarthquakesJpaServiceTest" time="0.004"/>
  <testcase name="getById_WhenExists_ShouldReturnEarthquake" classname="com.example.earthquakes.service.EarthquakesJpaServiceTest" time="0.002"/>
  <testcase name="delete_WhenNotExists_ShouldThrowException" classname="com.example.earthquakes.service.EarthquakesJpaServiceTest" time="0.015"/>
  <testcase name="avgMagnitude_WhenNoData_ShouldReturnZero" classname="com.example.earthquakes.service.EarthquakesJpaServiceTest" time="0.004"/>
  <testcase name="avgMagnitude_ShouldCalculateAverage" classname="com.example.earthquakes.service.EarthquakesJpaServiceTest" time="0.003"/>
</testsuite>