<?xml version="1.0" encoding="UTF-8"?>
<testsuite xmlns:xsi="http://www.w3.org/2001/XMLSchema-instance" xsi:noNamespaceSchemaLocation="https://maven.apache.org/surefire/maven-surefire-plugin/xsd/surefire-test-report-3.0.xsd" version="3.0" name="com.example.earthquakes.controller.EarthquakeControllerCsvTest" time="0.952" tests="6" errors="0" skipped="0" failures="0">
  <properties>
[...]
</properties>
  <testcase name="create_WithUserRole_ShouldReturnForbidden" classname="com.example.earthquakes.controller.EarthquakeControllerCsvTest" time="0.033">
    <system-out><![CDATA[2026-02-21T20:31:22.523+03:00  INFO 1172 --- [           main] t.c.s.AnnotationConfigContextLoaderUtils : Could not detect default configuration classes for test class [com.example.earthquakes.controller.EarthquakeControllerCsvTest]: EarthquakeControllerCsvTest does not declare any static, non-private, non-final, nested classes annotated with @Configuration.
2026-02-21T20:31:22.539+03:00  INFO 1172 --- [           main] .b.t.c.SpringBootTestContextBootstrapper : Found @SpringBootConfiguration com.example.earthquakes.EarthquakesApplication for test class com.example.earthquakes.controller.EarthquakeControllerCsvTest

  .   ____          _            __ _ _
 /\\ / ___'_ __ _ _(_)_ __  __ _ \ \ \ \
( ( )\___ | '_ | '_| | '_ \/ _` | \ \ \ \
 \\/  ___)| |_)| | | | | || (_| |  ) ) ) )
  '  |____| .__|_| |_|_| |_\__, | / / / /
 =========|_|==============|___/=/_/_/_/
 :: Spring Boot ::                (v3.1.5)

2026-02-21T20:31:22.628+03:00  INFO 1172 --- [           main] c.e.e.c.EarthquakeControllerCsvTest      : Starting EarthquakeControllerCsvTest using Java 25.0.1 with PID 1172 (started by Andrei in /Users/Andrei/Desktop/TUMGU/JavaDevelopment/JavaProject)
2026-02-21T20:31:22.629+03:00  INFO 1172 --- [           main] c.e.e.c.EarthquakeControllerCsvTest      : The following 1 profile is active: "test"
2026-02-21T20:31:23.159+03:00  INFO 1172 --- [           main] o.s.s.web.DefaultSecurityFilterChain     : Will secure any request with [org.springframework.security.web.session.DisableEncodeUrlFilter@10dbf660, org.springframework.security.web.context.request.async.WebAsyncManagerIntegrationFilter@69ab2d6a, org.springframework.security.web.context.SecurityContextHolderFilter@99223ac, org.springframework.security.web.header.HeaderWriterFilter@399c408c, org.springframework.security.web.authentication.logout.LogoutFilter@34fc315d, org.springframework.security.web.authentication.www.BasicAuthenticationFilter@45f8415b, org.springframework.security.web.savedrequest.RequestCacheAwareFilter@4a5fab78, org.springframework.security.web.servletapi.SecurityContextHolderAwareRequestFilter@77a85e76, org.springframework.security.web.authentication.AnonymousAuthenticationFilter@505a8582, org.springframework.security.web.access.ExceptionTranslationFilter@543d2ef3, org.springframework.security.web.access.intercept.AuthorizationFilter@36a1fd20]
2026-02-21T20:31:23.350+03:00  INFO 1172 --- [           main] o.s.b.t.m.w.SpringBootMockServletContext : Initializing Spring TestDispatcherServlet ''
2026-02-21T20:31:23.351+03:00  INFO 1172 --- [           main] o.s.t.web.servlet.TestDispatcherServlet  : Initializing Servlet ''
2026-02-21T20:31:23.352+03:00  INFO 1172 --- [           main] o.s.t.web.servlet.TestDispatcherServlet  : Completed initialization in 0 ms
2026-02-21T20:31:23.363+03:00  INFO 1172 --- [           main] c.e.e.c.EarthquakeControllerCsvTest      : Started EarthquakeControllerCsvTest in 0.816 seconds (process running for 8.554)
2026-02-21T20:31:23.385+03:00 DEBUG 1172 --- [           main] w.c.HttpSessionSecurityContextRepository : Created HttpSession as SecurityContext is non-default
2026-02-21T20:31:23.386+03:00 DEBUG 1172 --- [           main] w.c.HttpSessionSecurityContextRepository : Stored SecurityContextImpl [Authentication=UsernamePasswordAuthenticationToken [Principal=org.springframework.security.core.userdetails.User [Username=user, Password=[PROTECTED], Enabled=true, AccountNonExpired=true, credentialsNonExpired=true, AccountNonLocked=true, Granted Authorities=[ROLE_USER]], Credentials=[PROTECTED], Authenticated=true, Details=null, Granted Authorities=[ROLE_USER]]] to HttpSession [org.springframework.mock.web.MockHttpSession@b2d8dcd]
2026-02-21T20:31:23.387+03:00 DEBUG 1172 --- [           main] o.s.security.web.FilterChainProxy        : Securing POST /api/earthquakes
2026-02-21T20:31:23.388+03:00 DEBUG 1172 --- [           main] w.c.HttpSessionSecurityContextRepository : Retrieved SecurityContextImpl [Authentication=UsernamePasswordAuthenticationToken [Principal=org.springframework.security.core.userdetails.User [Username=user, Password=[PROTECTED], Enabled=true, AccountNonExpired=true, credentialsNonExpired=true, AccountNonLocked=true, Granted Authorities=[ROLE_USER]], Credentials=[PROTECTED], Authenticated=true, Details=null, Granted Authorities=[ROLE_USER]]]
2026-02-21T20:31:23.388+03:00 DEBUG 1172 --- [           main] o.s.security.web.FilterChainProxy        : Secured POST /api/earthquakes
2026-02-21T20:31:23.392+03:00 DEBUG 1172 --- [           main] horizationManagerBeforeMethodInterceptor : Authorizing method invocation ReflectiveMethodInvocation: public org.springframework.http.ResponseEntity com.example.earthquakes.controller.EarthquakeController.create(com.example.earthquakes.model.Earthquake); target is of class [com.example.earthquakes.controller.EarthquakeController]
2026-02-21T20:31:23.394+03:00 DEBUG 1172 --- [           main] horizationManagerBeforeMethodInterceptor : Failed to authorize ReflectiveMethodInvocation: public org.springframework.http.ResponseEntity com.example.earthquakes.controller.EarthquakeController.create(com.example.earthquakes.model.Earthquake); target is of class [com.example.earthquakes.controller.EarthquakeController] with authorization manager org.springframework.security.config.annotation.method.configuration.DeferringObservationAuthorizationManager@27210a3b and decision ExpressionAuthorizationDecision [granted=false, expressionAttribute=hasRole('ADMIN')]
2026-02-21T20:31:23.395+03:00 DEBUG 1172 --- [           main] o.s.s.w.access.AccessDeniedHandlerImpl   : Responding with 403 status code
]]></system-out>
  </testcase>
  <testcase name="getAll_ShouldReturnList" classname="com.example.earthquakes.controller.EarthquakeControllerCsvTest" time="0.012">
    <system-out><![CDATA[2026-02-21T20:31:23.411+03:00 DEBUG 1172 --- [           main] w.c.HttpSessionSecurityContextRepository : Created HttpSession as SecurityContext is non-default
2026-02-21T20:31:23.411+03:00 DEBUG 1172 --- [           main] w.c.HttpSessionSecurityContextRepository : Stored SecurityContextImpl [Authentication=UsernamePasswordAuthenticationToken [Principal=org.springframework.security.core.userdetails.User [Username=user, Password=[PROTECTED], Enabled=true, AccountNonExpired=true, credentialsNonExpired=true, AccountNonLocked=true, Granted Authorities=[ROLE_USER]], Credentials=[PROTECTED], Authenticated=true, Details=null, Granted Authorities=[ROLE_USER]]] to HttpSession [org.springframework.mock.web.MockHttpSession@2e62e227]
2026-02-21T20:31:23.411+03:00 DEBUG 1172 --- [           main] o.s.security.web.FilterChainProxy        : Securing GET /api/earthquakes
2026-02-21T20:31:23.411+03:00 DEBUG 1172 --- [           main] w.c.HttpSessionSecurityContextRepository : Retrieved SecurityContextImpl [Authentication=UsernamePasswordAuthenticationToken [Principal=org.springframework.security.core.userdetails.User [Username=user, Password=[PROTECTED], Enabled=true, AccountNonExpired=true, credentialsNonExpired=true, AccountNonLocked=true, Granted Authorities=[ROLE_USER]], Credentials=[PROTECTED], Authenticated=true, Details=null, Granted Authorities=[ROLE_USER]]]
2026-02-21T20:31:23.411+03:00 DEBUG 1172 --- [           main] o.s.security.web.FilterChainProxy        : Secured GET /api/earthquakes
2026-02-21T20:31:23.412+03:00 DEBUG 1172 --- [           main] horizationManagerBeforeMethodInterceptor : Authorizing method invocation ReflectiveMethodInvocation: public java.util.List com.example.earthquakes.controller.EarthquakeController.getAll(); target is of class [com.example.earthquakes.controller.EarthquakeController]
2026-02-21T20:31:23.413+03:00 DEBUG 1172 --- [           main] horizationManagerBeforeMethodInterceptor : Authorized method invocation ReflectiveMethodInvocation: public java.util.List com.example.earthquakes.controller.EarthquakeController.getAll(); target is of class [com.example.earthquakes.controller.EarthquakeController]
]]></system-out>
  </testcase>
  <testcase name="getById_WithUserRole_ShouldReturnEarthquake" classname="com.example.earthquakes.controller.EarthquakeControllerCsvTest" time="0.012">
    <system-out><![CDATA[2026-02-21T20:31:23.422+03:00 DEBUG 1172 --- [           main] w.c.HttpSessionSecurityContextRepository : Created HttpSession as SecurityContext is non-default
2026-02-21T20:31:23.422+03:00 DEBUG 1172 --- [           main] w.c.HttpSessionSecurityContextRepository : Stored SecurityContextImpl [Authentication=UsernamePasswordAuthenticationToken [Principal=org.springframework.security.core.userdetails.User [Username=user, Password=[PROTECTED], Enabled=true, AccountNonExpired=true, credentialsNonExpired=true, AccountNonLocked=true, Granted Authorities=[ROLE_USER]], Credentials=[PROTECTED], Authenticated=true, Details=null, Granted Authorities=[ROLE_USER]]] to HttpSession [org.springframework.mock.web.MockHttpSession@4682882a]
2026-02-21T20:31:23.422+03:00 DEBUG 1172 --- [           main] o.s.security.web.FilterChainProxy        : Securing GET /api/earthquakes/1
2026-02-21T20:31:23.423+03:00 DEBUG 1172 --- [           main] w.c.HttpSessionSecurityContextRepository : Retrieved SecurityContextImpl [Authentication=UsernamePasswordAuthenticationToken [Principal=org.springframework.security.core.userdetails.User [Username=user, Password=[PROTECTED], Enabled=true, AccountNonExpired=true, credentialsNonExpired=true, AccountNonLocked=true, Granted Authorities=[ROLE_USER]], Credentials=[PROTECTED], Authenticated=true, Details=null, Granted Authorities=[ROLE_USER]]]
2026-02-21T20:31:23.423+03:00 DEBUG 1172 --- [           main] o.s.security.web.FilterChainProxy        : Secured GET /api/earthquakes/1
2026-02-21T20:31:23.424+03:00 DEBUG 1172 --- [           main] horizationManagerBeforeMethodInterceptor : Authorizing method invocation ReflectiveMethodInvocation: public com.example.earthquakes.model.Earthquake com.example.earthquakes.controller.EarthquakeController.getById(java.lang.String); target is of class [com.example.earthquakes.controller.EarthquakeController]
2026-02-21T20:31:23.425+03:00 DEBUG 1172 --- [           main] horizationManagerBeforeMethodInterceptor : Authorized method invocation ReflectiveMethodInvocation: public com.example.earthquakes.model.Earthquake com.example.earthquakes.controller.EarthquakeController.getById(java.lang.String); target is of class [com.example.earthquakes.controller.EarthquakeController]
]]></system-out>
  </testcase>
  <testcase name="getAvgMagnitude_WithoutAuth_ShouldReturnAverage" classname="com.example.earthquakes.controller.EarthquakeControllerCsvTest" time="0.015">
    <system-out><![CDATA[2026-02-21T20:31:23.437+03:00 DEBUG 1172 --- [           main] o.s.security.web.FilterChainProxy        : Securing GET /api/earthquakes/stats/avg-magnitude
2026-02-21T20:31:23.439+03:00 DEBUG 1172 --- [           main] o.s.security.web.FilterChainProxy        : Secured GET /api/earthquakes/stats/avg-magnitude
2026-02-21T20:31:23.439+03:00 DEBUG 1172 --- [           main] horizationManagerBeforeMethodInterceptor : Authorizing method invocation ReflectiveMethodInvocation: public java.lang.Double com.example.earthquakes.controller.EarthquakeController.getAvgMagnitude(); target is of class [com.example.earthquakes.controller.EarthquakeController]
2026-02-21T20:31:23.441+03:00 DEBUG 1172 --- [           main] horizationManagerBeforeMethodInterceptor : Authorized method invocation ReflectiveMethodInvocation: public java.lang.Double com.example.earthquakes.controller.EarthquakeController.getAvgMagnitude(); target is of class [com.example.earthquakes.controller.EarthquakeController]
2026-02-21T20:31:23.444+03:00 DEBUG 1172 --- [           main] o.s.s.w.a.AnonymousAuthenticationFilter  : Set SecurityContextHolder to anonymous SecurityContext
]]></system-out>
  </testcase>
  <testcase name="create_WithAdminRole_ShouldCreateEarthquake" classname="com.example.earthquakes.controller.EarthquakeControllerCsvTest" time="0.006">
    <system-out><![CDATA[2026-02-21T20:31:23.451+03:00 DEBUG 1172 --- [           main] w.c.HttpSessionSecurityContextRepository : Created HttpSession as SecurityContext is non-default
2026-02-21T20:31:23.452+03:00 DEBUG 1172 --- [           main] w.c.HttpSessionSecurityContextRepository : Stored SecurityContextImpl [Authentication=UsernamePasswordAuthenticationToken [Principal=org.springframework.security.core.userdetails.User [Username=user, Password=[PROTECTED], Enabled=true, AccountNonExpired=true, credentialsNonExpired=true, AccountNonLocked=true, Granted Authorities=[ROLE_ADMIN]], Credentials=[PROTECTED], Authenticated=true, Details=null, Granted Authorities=[ROLE_ADMIN]]] to HttpSession [org.springframework.mock.web.MockHttpSession@32c6d164]
2026-02-21T20:31:23.452+03:00 DEBUG 1172 --- [           main] o.s.security.web.FilterChainProxy        : Securing POST /api/earthquakes
2026-02-21T20:31:23.452+03:00 DEBUG 1172 --- [           main] w.c.HttpSessionSecurityContextRepository : Retrieved SecurityContextImpl [Authentication=UsernamePasswordAuthenticationToken [Principal=org.springframework.security.core.userdetails.User [Username=user, Password=[PROTECTED], Enabled=true, AccountNonExpired=true, credentialsNonExpired=true, AccountNonLocked=true, Granted Authorities=[ROLE_ADMIN]], Credentials=[PROTECTED], Authenticated=true, Details=null, Granted Authorities=[ROLE_ADMIN]]]
2026-02-21T20:31:23.453+03:00 DEBUG 1172 --- [           main] o.s.security.web.FilterChainProxy        : Secured POST /api/earthquakes
2026-02-21T20:31:23.453+03:00 DEBUG 1172 --- [           main] horizationManagerBeforeMethodInterceptor : Authorizing method invocation ReflectiveMethodInvocation: public org.springframework.http.ResponseEntity com.example.earthquakes.controller.EarthquakeController.create(com.example.earthquakes.model.Earthquake); target is of class [com.example.earthquakes.controller.EarthquakeController]
2026-02-21T20:31:23.453+03:00 DEBUG 1172 --- [           main] horizationManagerBeforeMethodInterceptor : Authorized method invocation ReflectiveMethodInvocation: public org.springframework.http.ResponseEntity com.example.earthquakes.controller.EarthquakeController.create(com.example.earthquakes.model.Earthquake); target is of class [com.example.earthquakes.controller.EarthquakeController]
]]></system-out>
  </testcase>
  <testcase name="delete_WithAdminRole_ShouldDelete" classname="com.example.earthquakes.controller.EarthquakeControllerCsvTest" time="0.011">
    <system-out><![CDATA[2026-02-21T20:31:23.458+03:00 DEBUG 1172 --- [           main] w.c.HttpSessionSecurityContextRepository : Created HttpSession as SecurityContext is non-default
2026-02-21T20:31:23.458+03:00 DEBUG 1172 --- [           main] w.c.HttpSessionSecurityContextRepository : Stored SecurityContextImpl [Authentication=UsernamePasswordAuthenticationToken [Principal=org.springframework.security.core.userdetails.User [Username=user, Password=[PROTECTED], Enabled=true, AccountNonExpired=true, credentialsNonExpired=true, AccountNonLocked=true, Granted Authorities=[ROLE_ADMIN]], Credentials=[PROTECTED], Authenticated=true, Details=null, Granted Authorities=[ROLE_ADMIN]]] to HttpSession [org.springframework.mock.web.MockHttpSession@6144e499]
2026-02-21T20:31:23.459+03:00 DEBUG 1172 --- [           main] o.s.security.web.FilterChainProxy        : Securing DELETE /api/earthquakes/1
2026-02-21T20:31:23.460+03:00 DEBUG 1172 --- [           main] w.c.HttpSessionSecurityContextRepository : Retrieved SecurityContextImpl [Authentication=UsernamePasswordAuthenticationToken [Principal=org.springframework.security.core.userdetails.User [Username=user, Password=[PROTECTED], Enabled=true, AccountNonExpired=true, credentialsNonExpired=true, AccountNonLocked=true, Granted Authorities=[ROLE_ADMIN]], Credentials=[PROTECTED], Authenticated=true, Details=null, Granted Authorities=[ROLE_ADMIN]]]
2026-02-21T20:31:23.460+03:00 DEBUG 1172 --- [           main] o.s.security.web.FilterChainProxy        : Secured DELETE /api/earthquakes/1
2026-02-21T20:31:23.460+03:00 DEBUG 1172 --- [           main] horizationManagerBeforeMethodInterceptor : Authorizing method invocation ReflectiveMethodInvocation: public org.springframework.http.ResponseEntity com.example.earthquakes.controller.EarthquakeController.delete(java.lang.String); target is of class [com.example.earthquakes.controller.EarthquakeController]
2026-02-21T20:31:23.461+03:00 DEBUG 1172 --- [           main] horizationManagerBeforeMethodInterceptor : Authorized method invocation ReflectiveMethodInvocation: public org.springframework.http.ResponseEntity com.example.earthquakes.controller.EarthquakeController.delete(java.lang.String); target is of class [com.example.earthquakes.controller.EarthquakeController]
]]></system-out>
  </testcase>
</testsuite>